You have the following GPUs: [5]
JOB:  364518
TASK: 
HOST: rivendell.rpl

Fri Mar 10 18:00:34 2023       
+-----------------------------------------------------------------------------+
| NVIDIA-SMI 470.86       Driver Version: 470.86       CUDA Version: 11.4     |
|-------------------------------+----------------------+----------------------+
| GPU  Name        Persistence-M| Bus-Id        Disp.A | Volatile Uncorr. ECC |
| Fan  Temp  Perf  Pwr:Usage/Cap|         Memory-Usage | GPU-Util  Compute M. |
|                               |                      |               MIG M. |
|===============================+======================+======================|
|   0  NVIDIA GeForce ...  On   | 00000000:3D:00.0 Off |                  N/A |
|ERR!   38C    P2   ERR! / 250W |      1MiB / 11019MiB |      0%      Default |
|                               |                      |                  N/A |
+-------------------------------+----------------------+----------------------+
                                                                               
+-----------------------------------------------------------------------------+
| Processes:                                                                  |
|  GPU   GI   CI        PID   Type   Process name                  GPU Memory |
|        ID   ID                                                   Usage      |
|=============================================================================|
|  No running processes found                                                 |
+-----------------------------------------------------------------------------+
mkdir: missing operand
Try 'mkdir --help' for more information.
slurmstepd: error: *** JOB 364518 ON rivendell CANCELLED AT 2023-03-10T18:01:25 ***
