You have the following GPUs: 0
JOB:  360629
TASK: 
HOST: khazadum

Wed Feb  8 13:23:56 2023       
+-----------------------------------------------------------------------------+
| NVIDIA-SMI 470.86       Driver Version: 470.86       CUDA Version: 11.4     |
|-------------------------------+----------------------+----------------------+
| GPU  Name        Persistence-M| Bus-Id        Disp.A | Volatile Uncorr. ECC |
| Fan  Temp  Perf  Pwr:Usage/Cap|         Memory-Usage | GPU-Util  Compute M. |
|                               |                      |               MIG M. |
|===============================+======================+======================|
|   0  NVIDIA GeForce ...  Off  | 00000000:1A:00.0 Off |                  N/A |
| 28%   31C    P8     3W / 250W |      0MiB / 11019MiB |      0%      Default |
|                               |                      |                  N/A |
+-------------------------------+----------------------+----------------------+
                                                                               
+-----------------------------------------------------------------------------+
| Processes:                                                                  |
|  GPU   GI   CI        PID   Type   Process name                  GPU Memory |
|        ID   ID                                                   Usage      |
|=============================================================================|
|  No running processes found                                                 |
+-----------------------------------------------------------------------------+
Better speed can be achieved with apex installed from https://www.github.com/nvidia/apex.
Namespace(do_eval=True, do_train=True, eval_batch_size=32, eval_dataset='/local_storage/datasets/martinig/transformer-drg-style-transfer/data/yelp/processed_files_with_bert_with_best_head/sentiment.dev', learning_rate=6.25e-05, lm_coef=0.9, lr_schedule='warmup_linear', max_grad_norm=1, max_seq_length=85, model_name='/Midgard/home/martinig/.pytorch_pretrained_bert', n_valid=374, num_train_epochs=4, output_dir='/local_storage/users/marting/transformer-drg-style-transfer/delete_and_generate', seed=42, server_ip='', server_port='', train_batch_size=32, train_dataset='/local_storage/datasets/martinig/transformer-drg-style-transfer/data/yelp/processed_files_with_bert_with_best_head/sentiment.train', warmup_proportion=0.002, weight_decay=0.01)
Training samples = 443259
Validation samples = 4000
Example = [40479, 40480, 249, 509, 9782, 239, 40481, 249, 509, 7055, 9782, 239, 40482]
Input Length = 84
Training Example Input ids= tensor([40479, 40480,   249,   509,  9782,   239, 40481,   249,   509,  7055,
         9782,   239, 40482,     0,     0,     0,     0,     0,     0,     0,
            0,     0,     0,     0,     0,     0,     0,     0,     0,     0,
            0,     0,     0,     0,     0,     0,     0,     0,     0,     0,
            0,     0,     0,     0,     0,     0,     0,     0,     0,     0,
            0,     0,     0,     0,     0,     0,     0,     0,     0,     0,
            0,     0,     0,     0,     0,     0,     0,     0,     0,     0,
            0,     0,     0,     0,     0,     0,     0,     0,     0,     0,
            0,     0,     0,     0])
Training Example Language Modeling ids = tensor([   -1,    -1,    -1,    -1,    -1,    -1,   249,   509,  7055,  9782,
          239, 40482,    -1,    -1,    -1,    -1,    -1,    -1,    -1,    -1,
           -1,    -1,    -1,    -1,    -1,    -1,    -1,    -1,    -1,    -1,
           -1,    -1,    -1,    -1,    -1,    -1,    -1,    -1,    -1,    -1,
           -1,    -1,    -1,    -1,    -1,    -1,    -1,    -1,    -1,    -1,
           -1,    -1,    -1,    -1,    -1,    -1,    -1,    -1,    -1,    -1,
           -1,    -1,    -1,    -1,    -1,    -1,    -1,    -1,    -1,    -1,
           -1,    -1,    -1,    -1,    -1,    -1,    -1,    -1,    -1,    -1,
           -1,    -1,    -1,    -1])
